17:25:35.588 [main] TRACE com.db.configure.ServerMainAplication - Server start
17:25:39.964 [localhost-startStop-1] TRACE com.db.configure.JerseyConfig - Jersey config
17:26:08.598 [main] TRACE com.db.configure.ServerMainAplication - Server start
17:26:16.693 [localhost-startStop-1] TRACE com.db.configure.JerseyConfig - Jersey config
16:44:47.006 [main] TRACE com.db.configure.DataBaseServerMainAplication - Server start
16:44:50.823 [localhost-startStop-1] TRACE com.db.configure.DataBaseJerseyConfig - Jersey config
16:46:25.389 [main] TRACE com.db.configure.DataBaseServerMainAplication - Server start
16:46:29.450 [localhost-startStop-1] TRACE com.db.configure.DataBaseJerseyConfig - Jersey config
18:02:26.879 [main] TRACE com.db.configure.DataBaseServer - Server start
18:02:31.403 [localhost-startStop-1] TRACE com.db.configure.DataBaseJerseyConfig - Jersey config
10:44:27.979 [main] TRACE com.db.configure.DataBaseServer - Server start
10:44:31.971 [localhost-startStop-1] TRACE com.db.configure.DataBaseJerseyConfig - Jersey config
10:45:33.266 [main] TRACE com.db.configure.DataBaseServer - Server start
10:45:37.515 [localhost-startStop-1] TRACE com.db.configure.DataBaseJerseyConfig - Jersey config
10:46:10.990 [main] TRACE com.db.configure.DataBaseServer - Server start
10:46:15.718 [localhost-startStop-1] TRACE com.db.configure.DataBaseJerseyConfig - Jersey config
10:47:19.512 [main] TRACE com.db.configure.DataBaseServer - Server start
10:47:24.519 [localhost-startStop-1] TRACE com.db.configure.DataBaseJerseyConfig - Jersey config
10:48:10.014 [main] TRACE com.db.configure.DataBaseServer - Server start
10:48:14.361 [localhost-startStop-1] TRACE com.db.configure.DataBaseJerseyConfig - Jersey config
10:50:23.460 [main] TRACE com.db.configure.DataBaseServer - Server start
10:50:28.852 [localhost-startStop-1] TRACE com.db.configure.DataBaseJerseyConfig - Jersey config
10:51:19.171 [main] TRACE com.db.configure.DataBaseServer - Server start
10:51:23.163 [localhost-startStop-1] TRACE com.db.configure.DataBaseJerseyConfig - Jersey config
10:53:04.462 [main] TRACE com.db.configure.DataBaseServer - Server start
10:53:08.446 [localhost-startStop-1] TRACE com.db.configure.DataBaseJerseyConfig - Jersey config
10:56:49.521 [main] TRACE com.db.configure.DataBaseServer - Server start
10:56:54.894 [localhost-startStop-1] TRACE com.db.configure.DataBaseJerseyConfig - Jersey config
11:08:35.393 [main] TRACE com.db.configure.DataBaseServer - Server start
11:08:40.770 [localhost-startStop-1] TRACE com.db.configure.DataBaseJerseyConfig - Jersey config
11:12:53.303 [main] TRACE com.db.configure.DataBaseServer - Server start
11:12:57.857 [localhost-startStop-1] TRACE com.db.configure.DataBaseJerseyConfig - Jersey config
11:59:21.771 [main] TRACE com.db.configure.DataBaseServer - Server start
11:59:25.685 [localhost-startStop-1] TRACE com.db.configure.DataBaseJerseyConfig - Jersey config
11:59:35.483 [main] TRACE com.webapp.configure.FrontEndServer - Server start
11:59:38.480 [localhost-startStop-1] TRACE com.webapp.configure.FrontEndJerseyConfig - Jersey config
